<?xml version="1.0" encoding="UTF-8"?>
<testng-results ignored="0" total="2" passed="2" failed="0" skipped="0">
  <reporter-output>
  </reporter-output>
  <suite started-at="2022-03-07T00:21:19 AEDT" name="Suite" finished-at="2022-03-07T00:21:27 AEDT" duration-ms="8554">
    <groups>
    </groups>
    <test started-at="2022-03-07T00:21:19 AEDT" name="Test" finished-at="2022-03-07T00:21:27 AEDT" duration-ms="8554">
      <class name="SampleTest">
        <test-method signature="OnePage()[pri:0, instance:SampleTest@2177849e]" started-at="2022-03-07T00:21:19 AEDT" name="OnePage" finished-at="2022-03-07T00:21:27 AEDT" duration-ms="8484" status="PASS">
          <reporter-output>
          </reporter-output>
        </test-method> <!-- OnePage -->
      </class> <!-- SampleTest -->
      <class name="SampleTest2">
        <test-method signature="OnePage()[pri:0, instance:SampleTest2@49dc7102]" started-at="2022-03-07T00:21:19 AEDT" name="OnePage" finished-at="2022-03-07T00:21:25 AEDT" duration-ms="6181" status="PASS">
          <reporter-output>
          </reporter-output>
        </test-method> <!-- OnePage -->
      </class> <!-- SampleTest2 -->
    </test> <!-- Test -->
  </suite> <!-- Suite -->
</testng-results>
